mode: atomic
github.com/dockerian/dateparse/parseany.go:87.50,89.2 1 21
github.com/dockerian/dateparse/parseany.go:96.69,98.2 1 3
github.com/dockerian/dateparse/parseany.go:115.52,117.2 1 1
github.com/dockerian/dateparse/parseany.go:121.42,123.16 2 117
github.com/dockerian/dateparse/parseany.go:126.2,126.10 1 116
github.com/dockerian/dateparse/parseany.go:123.16,124.21 1 1
github.com/dockerian/dateparse/parseany.go:129.75,130.16 1 192
github.com/dockerian/dateparse/parseany.go:133.2,133.51 1 3
github.com/dockerian/dateparse/parseany.go:130.16,132.3 1 189
github.com/dockerian/dateparse/parseany.go:136.71,138.34 2 142
github.com/dockerian/dateparse/parseany.go:149.2,158.36 3 138
github.com/dockerian/dateparse/parseany.go:606.2,606.15 1 127
github.com/dockerian/dateparse/parseany.go:944.2,944.78 1 6
github.com/dockerian/dateparse/parseany.go:139.13,140.18 1 1
github.com/dockerian/dateparse/parseany.go:141.15,143.41 2 1
github.com/dockerian/dateparse/parseany.go:144.18,145.35 1 1
github.com/dockerian/dateparse/parseany.go:146.19,147.36 1 1
github.com/dockerian/dateparse/parseany.go:158.36,161.24 2 2693
github.com/dockerian/dateparse/parseany.go:165.3,165.16 1 2693
github.com/dockerian/dateparse/parseany.go:161.24,163.4 1 12
github.com/dockerian/dateparse/parseany.go:166.19,167.26 1 138
github.com/dockerian/dateparse/parseany.go:172.19,173.26 1 463
github.com/dockerian/dateparse/parseany.go:184.4,184.13 1 102
github.com/dockerian/dateparse/parseany.go:191.23,206.11 1 344
github.com/dockerian/dateparse/parseany.go:217.25,241.13 1 308
github.com/dockerian/dateparse/parseany.go:262.27,275.13 1 10
github.com/dockerian/dateparse/parseany.go:288.36,289.16 1 2
github.com/dockerian/dateparse/parseany.go:292.4,292.35 1 1
github.com/dockerian/dateparse/parseany.go:294.33,303.16 1 28
github.com/dockerian/dateparse/parseany.go:311.38,316.27 1 6
github.com/dockerian/dateparse/parseany.go:322.31,335.27 1 100
github.com/dockerian/dateparse/parseany.go:342.37,348.27 1 34
github.com/dockerian/dateparse/parseany.go:355.24,377.13 1 224
github.com/dockerian/dateparse/parseany.go:383.25,384.26 1 1
github.com/dockerian/dateparse/parseany.go:387.30,388.16 1 27
github.com/dockerian/dateparse/parseany.go:391.24,401.38 1 235
github.com/dockerian/dateparse/parseany.go:404.4,404.13 1 32
github.com/dockerian/dateparse/parseany.go:408.26,415.13 1 93
github.com/dockerian/dateparse/parseany.go:419.31,427.13 1 97
github.com/dockerian/dateparse/parseany.go:433.36,441.13 1 74
github.com/dockerian/dateparse/parseany.go:445.30,450.16 1 26
github.com/dockerian/dateparse/parseany.go:454.24,457.11 1 5
github.com/dockerian/dateparse/parseany.go:469.19,492.11 1 83
github.com/dockerian/dateparse/parseany.go:504.26,510.11 1 58
github.com/dockerian/dateparse/parseany.go:519.32,527.11 1 98
github.com/dockerian/dateparse/parseany.go:537.38,543.16 1 14
github.com/dockerian/dateparse/parseany.go:547.21,553.11 1 11
github.com/dockerian/dateparse/parseany.go:560.31,563.42 1 2
github.com/dockerian/dateparse/parseany.go:566.4,566.56 1 1
github.com/dockerian/dateparse/parseany.go:568.26,574.16 1 85
github.com/dockerian/dateparse/parseany.go:577.31,583.27 1 52
github.com/dockerian/dateparse/parseany.go:588.36,592.16 1 27
github.com/dockerian/dateparse/parseany.go:595.42,598.27 1 16
github.com/dockerian/dateparse/parseany.go:601.11,602.19 1 32
github.com/dockerian/dateparse/parseany.go:167.26,169.5 1 115
github.com/dockerian/dateparse/parseany.go:169.5,169.34 1 23
github.com/dockerian/dateparse/parseany.go:169.34,171.5 1 22
github.com/dockerian/dateparse/parseany.go:173.26,174.13 1 352
github.com/dockerian/dateparse/parseany.go:175.5,175.34 1 111
github.com/dockerian/dateparse/parseany.go:175.34,176.19 1 9
github.com/dockerian/dateparse/parseany.go:181.5,182.13 2 5
github.com/dockerian/dateparse/parseany.go:176.19,179.14 2 4
github.com/dockerian/dateparse/parseany.go:185.23,186.27 1 59
github.com/dockerian/dateparse/parseany.go:187.13,189.19 2 38
github.com/dockerian/dateparse/parseany.go:207.18,208.29 1 35
github.com/dockerian/dateparse/parseany.go:209.18,210.28 1 21
github.com/dockerian/dateparse/parseany.go:211.12,212.28 1 288
github.com/dockerian/dateparse/parseany.go:212.28,214.21 2 1
github.com/dockerian/dateparse/parseany.go:242.13,243.55 1 2
github.com/dockerian/dateparse/parseany.go:254.18,255.35 1 1
github.com/dockerian/dateparse/parseany.go:256.13,257.35 1 15
github.com/dockerian/dateparse/parseany.go:258.13,259.31 1 10
github.com/dockerian/dateparse/parseany.go:243.55,246.20 2 2
github.com/dockerian/dateparse/parseany.go:252.6,252.19 1 1
github.com/dockerian/dateparse/parseany.go:246.20,248.25 2 1
github.com/dockerian/dateparse/parseany.go:248.25,250.8 1 1
github.com/dockerian/dateparse/parseany.go:276.18,277.40 1 2
github.com/dockerian/dateparse/parseany.go:278.18,279.37 1 6
github.com/dockerian/dateparse/parseany.go:280.12,281.28 1 2
github.com/dockerian/dateparse/parseany.go:281.28,284.21 2 2
github.com/dockerian/dateparse/parseany.go:289.16,291.5 1 1
github.com/dockerian/dateparse/parseany.go:303.16,305.5 1 2
github.com/dockerian/dateparse/parseany.go:305.5,305.34 1 26
github.com/dockerian/dateparse/parseany.go:305.34,308.20 2 3
github.com/dockerian/dateparse/parseany.go:316.27,319.20 2 1
github.com/dockerian/dateparse/parseany.go:335.27,338.20 2 4
github.com/dockerian/dateparse/parseany.go:339.5,339.35 1 96
github.com/dockerian/dateparse/parseany.go:339.35,341.5 1 7
github.com/dockerian/dateparse/parseany.go:348.27,353.20 2 3
github.com/dockerian/dateparse/parseany.go:378.18,379.34 1 8
github.com/dockerian/dateparse/parseany.go:380.13,381.29 1 6
github.com/dockerian/dateparse/parseany.go:384.26,386.5 1 1
github.com/dockerian/dateparse/parseany.go:388.16,390.5 1 5
github.com/dockerian/dateparse/parseany.go:401.38,402.13 1 203
github.com/dockerian/dateparse/parseany.go:405.13,406.30 1 32
github.com/dockerian/dateparse/parseany.go:416.13,417.35 1 32
github.com/dockerian/dateparse/parseany.go:428.13,429.40 1 15
github.com/dockerian/dateparse/parseany.go:430.18,431.39 1 9
github.com/dockerian/dateparse/parseany.go:442.18,443.44 1 5
github.com/dockerian/dateparse/parseany.go:450.16,452.10 2 2
github.com/dockerian/dateparse/parseany.go:458.51,459.53 1 1
github.com/dockerian/dateparse/parseany.go:460.54,461.56 1 1
github.com/dockerian/dateparse/parseany.go:462.50,463.52 1 0
github.com/dockerian/dateparse/parseany.go:464.56,465.58 1 0
github.com/dockerian/dateparse/parseany.go:466.42,467.28 1 3
github.com/dockerian/dateparse/parseany.go:493.29,494.13 1 62
github.com/dockerian/dateparse/parseany.go:495.18,496.25 1 11
github.com/dockerian/dateparse/parseany.go:497.18,498.15 1 10
github.com/dockerian/dateparse/parseany.go:498.15,500.6 1 5
github.com/dockerian/dateparse/parseany.go:500.6,502.6 1 5
github.com/dockerian/dateparse/parseany.go:511.18,512.15 1 4
github.com/dockerian/dateparse/parseany.go:515.5,515.36 1 1
github.com/dockerian/dateparse/parseany.go:516.18,517.36 1 1
github.com/dockerian/dateparse/parseany.go:512.15,514.6 1 3
github.com/dockerian/dateparse/parseany.go:528.18,529.15 1 2
github.com/dockerian/dateparse/parseany.go:532.5,532.42 1 1
github.com/dockerian/dateparse/parseany.go:533.18,534.42 1 2
github.com/dockerian/dateparse/parseany.go:529.15,531.6 1 1
github.com/dockerian/dateparse/parseany.go:543.16,545.5 1 1
github.com/dockerian/dateparse/parseany.go:554.29,555.30 1 9
github.com/dockerian/dateparse/parseany.go:556.28,557.35 1 2
github.com/dockerian/dateparse/parseany.go:563.42,565.5 1 1
github.com/dockerian/dateparse/parseany.go:574.16,576.5 1 7
github.com/dockerian/dateparse/parseany.go:583.27,585.5 1 5
github.com/dockerian/dateparse/parseany.go:585.5,585.35 1 47
github.com/dockerian/dateparse/parseany.go:585.35,587.5 1 1
github.com/dockerian/dateparse/parseany.go:592.16,594.5 1 2
github.com/dockerian/dateparse/parseany.go:598.27,600.5 1 1
github.com/dockerian/dateparse/parseany.go:607.18,617.45 2 9
github.com/dockerian/dateparse/parseany.go:634.3,634.17 1 7
github.com/dockerian/dateparse/parseany.go:644.3,644.18 1 7
github.com/dockerian/dateparse/parseany.go:651.22,654.40 1 2
github.com/dockerian/dateparse/parseany.go:659.27,661.44 1 1
github.com/dockerian/dateparse/parseany.go:663.29,665.57 1 3
github.com/dockerian/dateparse/parseany.go:667.34,677.58 1 5
github.com/dockerian/dateparse/parseany.go:679.23,682.52 1 7
github.com/dockerian/dateparse/parseany.go:684.29,690.142 1 1
github.com/dockerian/dateparse/parseany.go:692.24,702.23 1 5
github.com/dockerian/dateparse/parseany.go:708.24,710.52 1 7
github.com/dockerian/dateparse/parseany.go:712.32,714.58 1 1
github.com/dockerian/dateparse/parseany.go:716.37,718.59 1 1
github.com/dockerian/dateparse/parseany.go:720.37,723.17 2 3
github.com/dockerian/dateparse/parseany.go:726.3,726.62 1 1
github.com/dockerian/dateparse/parseany.go:728.42,730.63 1 1
github.com/dockerian/dateparse/parseany.go:732.30,734.58 1 1
github.com/dockerian/dateparse/parseany.go:736.31,739.17 2 3
github.com/dockerian/dateparse/parseany.go:742.3,743.17 2 2
github.com/dockerian/dateparse/parseany.go:746.3,746.48 1 1
github.com/dockerian/dateparse/parseany.go:753.30,758.52 1 4
github.com/dockerian/dateparse/parseany.go:760.35,765.56 1 4
github.com/dockerian/dateparse/parseany.go:767.36,772.58 1 4
github.com/dockerian/dateparse/parseany.go:774.41,779.62 1 3
github.com/dockerian/dateparse/parseany.go:781.30,783.41 1 1
github.com/dockerian/dateparse/parseany.go:785.36,787.44 1 1
github.com/dockerian/dateparse/parseany.go:789.35,791.44 1 3
github.com/dockerian/dateparse/parseany.go:793.41,795.66 1 1
github.com/dockerian/dateparse/parseany.go:797.46,799.62 1 1
github.com/dockerian/dateparse/parseany.go:805.23,810.22 1 6
github.com/dockerian/dateparse/parseany.go:816.3,816.42 1 4
github.com/dockerian/dateparse/parseany.go:822.30,828.22 1 8
github.com/dockerian/dateparse/parseany.go:842.34,849.22 1 9
github.com/dockerian/dateparse/parseany.go:866.35,873.22 1 10
github.com/dockerian/dateparse/parseany.go:887.39,894.22 1 5
github.com/dockerian/dateparse/parseany.go:908.29,911.50 1 2
github.com/dockerian/dateparse/parseany.go:912.31,913.59 1 2
github.com/dockerian/dateparse/parseany.go:914.31,917.67 1 2
github.com/dockerian/dateparse/parseany.go:918.31,921.62 1 1
github.com/dockerian/dateparse/parseany.go:922.37,926.64 1 2
github.com/dockerian/dateparse/parseany.go:927.41,929.71 1 1
github.com/dockerian/dateparse/parseany.go:930.23,934.23 1 3
github.com/dockerian/dateparse/parseany.go:617.45,618.70 1 2
github.com/dockerian/dateparse/parseany.go:618.70,620.5 1 1
github.com/dockerian/dateparse/parseany.go:621.4,621.49 1 7
github.com/dockerian/dateparse/parseany.go:621.49,622.71 1 1
github.com/dockerian/dateparse/parseany.go:622.71,624.5 1 1
github.com/dockerian/dateparse/parseany.go:625.4,625.46 1 6
github.com/dockerian/dateparse/parseany.go:625.46,626.70 1 2
github.com/dockerian/dateparse/parseany.go:626.70,628.5 1 2
github.com/dockerian/dateparse/parseany.go:629.4,629.45 1 4
github.com/dockerian/dateparse/parseany.go:629.45,631.4 1 1
github.com/dockerian/dateparse/parseany.go:631.4,631.41 1 3
github.com/dockerian/dateparse/parseany.go:631.41,633.4 1 1
github.com/dockerian/dateparse/parseany.go:634.17,635.66 1 3
github.com/dockerian/dateparse/parseany.go:635.66,636.17 1 2
github.com/dockerian/dateparse/parseany.go:636.17,639.6 0 1
github.com/dockerian/dateparse/parseany.go:639.6,641.6 1 1
github.com/dockerian/dateparse/parseany.go:644.18,645.18 1 5
github.com/dockerian/dateparse/parseany.go:648.4,648.25 1 1
github.com/dockerian/dateparse/parseany.go:645.18,647.5 1 4
github.com/dockerian/dateparse/parseany.go:654.40,656.4 1 1
github.com/dockerian/dateparse/parseany.go:656.4,656.44 1 1
github.com/dockerian/dateparse/parseany.go:656.44,658.4 1 1
github.com/dockerian/dateparse/parseany.go:703.33,704.51 1 1
github.com/dockerian/dateparse/parseany.go:705.11,706.54 1 4
github.com/dockerian/dateparse/parseany.go:723.17,725.4 1 2
github.com/dockerian/dateparse/parseany.go:739.17,741.4 1 1
github.com/dockerian/dateparse/parseany.go:743.17,745.4 1 1
github.com/dockerian/dateparse/parseany.go:746.48,748.18 2 1
github.com/dockerian/dateparse/parseany.go:748.18,750.5 1 1
github.com/dockerian/dateparse/parseany.go:799.62,804.4 2 1
github.com/dockerian/dateparse/parseany.go:810.22,811.41 1 2
github.com/dockerian/dateparse/parseany.go:814.4,814.42 1 1
github.com/dockerian/dateparse/parseany.go:811.41,813.5 1 1
github.com/dockerian/dateparse/parseany.go:816.42,817.62 1 12
github.com/dockerian/dateparse/parseany.go:817.62,819.5 1 4
github.com/dockerian/dateparse/parseany.go:828.22,829.112 1 2
github.com/dockerian/dateparse/parseany.go:829.112,830.58 1 3
github.com/dockerian/dateparse/parseany.go:830.58,832.6 1 2
github.com/dockerian/dateparse/parseany.go:834.4,835.146 1 6
github.com/dockerian/dateparse/parseany.go:835.146,836.58 1 23
github.com/dockerian/dateparse/parseany.go:836.58,838.6 1 6
github.com/dockerian/dateparse/parseany.go:849.22,851.89 1 4
github.com/dockerian/dateparse/parseany.go:851.89,852.58 1 13
github.com/dockerian/dateparse/parseany.go:852.58,854.6 1 4
github.com/dockerian/dateparse/parseany.go:856.4,858.89 1 5
github.com/dockerian/dateparse/parseany.go:858.89,859.58 1 20
github.com/dockerian/dateparse/parseany.go:859.58,861.6 1 5
github.com/dockerian/dateparse/parseany.go:873.22,874.124 1 6
github.com/dockerian/dateparse/parseany.go:874.124,875.58 1 9
github.com/dockerian/dateparse/parseany.go:875.58,877.6 1 6
github.com/dockerian/dateparse/parseany.go:879.4,880.124 1 4
github.com/dockerian/dateparse/parseany.go:880.124,881.58 1 7
github.com/dockerian/dateparse/parseany.go:881.58,883.6 1 4
github.com/dockerian/dateparse/parseany.go:894.22,896.101 1 3
github.com/dockerian/dateparse/parseany.go:896.101,897.58 1 6
github.com/dockerian/dateparse/parseany.go:897.58,899.6 1 3
github.com/dockerian/dateparse/parseany.go:901.4,902.136 1 2
github.com/dockerian/dateparse/parseany.go:902.136,903.58 1 8
github.com/dockerian/dateparse/parseany.go:903.58,905.6 1 2
github.com/dockerian/dateparse/parseany.go:935.76,936.40 1 1
github.com/dockerian/dateparse/parseany.go:937.48,938.38 1 1
github.com/dockerian/dateparse/parseany.go:939.44,940.32 1 1
github.com/dockerian/dateparse/parseany.go:947.66,951.16 4 3
github.com/dockerian/dateparse/parseany.go:955.2,955.51 1 3
github.com/dockerian/dateparse/parseany.go:951.16,954.3 2 0
github.com/dockerian/dateparse/sort.go:13.34,15.2 1 1
github.com/dockerian/dateparse/sort.go:18.31,20.2 1 1
github.com/dockerian/dateparse/sort.go:23.41,25.2 1 6
github.com/dockerian/dateparse/sort.go:28.36,30.2 1 4
